Start testing: Dec 14 02:43 RTZ 2 (çèìà)
----------------------------------------------------------
1/24 Testing: orc_test.01
1/24 Test: orc_test.01
Command: "C:/Users/artem/Downloads/OOP/lab7/build/Debug/balagur_tests.exe" "--gtest_filter=orc_test.01" "--gtest_also_run_disabled_tests"
Directory: C:/Users/artem/Downloads/OOP/lab7/build
"orc_test.01" start time: Dec 14 02:43 RTZ 2 (çèìà)
Output:
----------------------------------------------------------
Note: Google Test filter = orc_test.01
[==========] Running 1 test from 1 test suite.
[----------] Global test environment set-up.
[----------] 1 test from orc_test
[ RUN      ] orc_test.01
Orc{ x:10, y:10} 
[       OK ] orc_test.01 (0 ms)
[----------] 1 test from orc_test (0 ms total)

[----------] Global test environment tear-down
[==========] 1 test from 1 test suite ran. (0 ms total)
[  PASSED  ] 1 test.
<end of output>
Test time =   0.03 sec
----------------------------------------------------------
Test Passed.
"orc_test.01" end time: Dec 14 02:43 RTZ 2 (çèìà)
"orc_test.01" time elapsed: 00:00:00
----------------------------------------------------------

2/24 Testing: orc_test.02
2/24 Test: orc_test.02
Command: "C:/Users/artem/Downloads/OOP/lab7/build/Debug/balagur_tests.exe" "--gtest_filter=orc_test.02" "--gtest_also_run_disabled_tests"
Directory: C:/Users/artem/Downloads/OOP/lab7/build
"orc_test.02" start time: Dec 14 02:43 RTZ 2 (çèìà)
Output:
----------------------------------------------------------
Note: Google Test filter = orc_test.02
[==========] Running 1 test from 1 test suite.
[----------] Global test environment set-up.
[----------] 1 test from orc_test
[ RUN      ] orc_test.02
Orc{ x:10, y:10} 

[       OK ] orc_test.02 (0 ms)
[----------] 1 test from orc_test (0 ms total)

[----------] Global test environment tear-down
[==========] 1 test from 1 test suite ran. (0 ms total)
[  PASSED  ] 1 test.
<end of output>
Test time =   0.03 sec
----------------------------------------------------------
Test Passed.
"orc_test.02" end time: Dec 14 02:43 RTZ 2 (çèìà)
"orc_test.02" time elapsed: 00:00:00
----------------------------------------------------------

3/24 Testing: orc_test.03
3/24 Test: orc_test.03
Command: "C:/Users/artem/Downloads/OOP/lab7/build/Debug/balagur_tests.exe" "--gtest_filter=orc_test.03" "--gtest_also_run_disabled_tests"
Directory: C:/Users/artem/Downloads/OOP/lab7/build
"orc_test.03" start time: Dec 14 02:43 RTZ 2 (çèìà)
Output:
----------------------------------------------------------
Note: Google Test filter = orc_test.03
[==========] Running 1 test from 1 test suite.
[----------] Global test environment set-up.
[----------] 1 test from orc_test
[ RUN      ] orc_test.03
[       OK ] orc_test.03 (0 ms)
[----------] 1 test from orc_test (0 ms total)

[----------] Global test environment tear-down
[==========] 1 test from 1 test suite ran. (0 ms total)
[  PASSED  ] 1 test.
<end of output>
Test time =   0.03 sec
----------------------------------------------------------
Test Passed.
"orc_test.03" end time: Dec 14 02:43 RTZ 2 (çèìà)
"orc_test.03" time elapsed: 00:00:00
----------------------------------------------------------

4/24 Testing: orc_test.04
4/24 Test: orc_test.04
Command: "C:/Users/artem/Downloads/OOP/lab7/build/Debug/balagur_tests.exe" "--gtest_filter=orc_test.04" "--gtest_also_run_disabled_tests"
Directory: C:/Users/artem/Downloads/OOP/lab7/build
"orc_test.04" start time: Dec 14 02:43 RTZ 2 (çèìà)
Output:
----------------------------------------------------------
Note: Google Test filter = orc_test.04
[==========] Running 1 test from 1 test suite.
[----------] Global test environment set-up.
[----------] 1 test from orc_test
[ RUN      ] orc_test.04
[       OK ] orc_test.04 (0 ms)
[----------] 1 test from orc_test (0 ms total)

[----------] Global test environment tear-down
[==========] 1 test from 1 test suite ran. (0 ms total)
[  PASSED  ] 1 test.
<end of output>
Test time =   0.02 sec
----------------------------------------------------------
Test Passed.
"orc_test.04" end time: Dec 14 02:43 RTZ 2 (çèìà)
"orc_test.04" time elapsed: 00:00:00
----------------------------------------------------------

5/24 Testing: orc_test.05
5/24 Test: orc_test.05
Command: "C:/Users/artem/Downloads/OOP/lab7/build/Debug/balagur_tests.exe" "--gtest_filter=orc_test.05" "--gtest_also_run_disabled_tests"
Directory: C:/Users/artem/Downloads/OOP/lab7/build
"orc_test.05" start time: Dec 14 02:43 RTZ 2 (çèìà)
Output:
----------------------------------------------------------
Note: Google Test filter = orc_test.05
[==========] Running 1 test from 1 test suite.
[----------] Global test environment set-up.
[----------] 1 test from orc_test
[ RUN      ] orc_test.05
[       OK ] orc_test.05 (0 ms)
[----------] 1 test from orc_test (0 ms total)

[----------] Global test environment tear-down
[==========] 1 test from 1 test suite ran. (0 ms total)
[  PASSED  ] 1 test.
<end of output>
Test time =   0.02 sec
----------------------------------------------------------
Test Passed.
"orc_test.05" end time: Dec 14 02:43 RTZ 2 (çèìà)
"orc_test.05" time elapsed: 00:00:00
----------------------------------------------------------

6/24 Testing: orc_test.06
6/24 Test: orc_test.06
Command: "C:/Users/artem/Downloads/OOP/lab7/build/Debug/balagur_tests.exe" "--gtest_filter=orc_test.06" "--gtest_also_run_disabled_tests"
Directory: C:/Users/artem/Downloads/OOP/lab7/build
"orc_test.06" start time: Dec 14 02:43 RTZ 2 (çèìà)
Output:
----------------------------------------------------------
Note: Google Test filter = orc_test.06
[==========] Running 1 test from 1 test suite.
[----------] Global test environment set-up.
[----------] 1 test from orc_test
[ RUN      ] orc_test.06
[       OK ] orc_test.06 (0 ms)
[----------] 1 test from orc_test (0 ms total)

[----------] Global test environment tear-down
[==========] 1 test from 1 test suite ran. (0 ms total)
[  PASSED  ] 1 test.
<end of output>
Test time =   0.02 sec
----------------------------------------------------------
Test Passed.
"orc_test.06" end time: Dec 14 02:43 RTZ 2 (çèìà)
"orc_test.06" time elapsed: 00:00:00
----------------------------------------------------------

7/24 Testing: orc_test.07
7/24 Test: orc_test.07
Command: "C:/Users/artem/Downloads/OOP/lab7/build/Debug/balagur_tests.exe" "--gtest_filter=orc_test.07" "--gtest_also_run_disabled_tests"
Directory: C:/Users/artem/Downloads/OOP/lab7/build
"orc_test.07" start time: Dec 14 02:43 RTZ 2 (çèìà)
Output:
----------------------------------------------------------
Note: Google Test filter = orc_test.07
[==========] Running 1 test from 1 test suite.
[----------] Global test environment set-up.
[----------] 1 test from orc_test
[ RUN      ] orc_test.07
[       OK ] orc_test.07 (0 ms)
[----------] 1 test from orc_test (0 ms total)

[----------] Global test environment tear-down
[==========] 1 test from 1 test suite ran. (0 ms total)
[  PASSED  ] 1 test.
<end of output>
Test time =   0.02 sec
----------------------------------------------------------
Test Passed.
"orc_test.07" end time: Dec 14 02:43 RTZ 2 (çèìà)
"orc_test.07" time elapsed: 00:00:00
----------------------------------------------------------

8/24 Testing: orc_test.08
8/24 Test: orc_test.08
Command: "C:/Users/artem/Downloads/OOP/lab7/build/Debug/balagur_tests.exe" "--gtest_filter=orc_test.08" "--gtest_also_run_disabled_tests"
Directory: C:/Users/artem/Downloads/OOP/lab7/build
"orc_test.08" start time: Dec 14 02:43 RTZ 2 (çèìà)
Output:
----------------------------------------------------------
Note: Google Test filter = orc_test.08
[==========] Running 1 test from 1 test suite.
[----------] Global test environment set-up.
[----------] 1 test from orc_test
[ RUN      ] orc_test.08
[       OK ] orc_test.08 (0 ms)
[----------] 1 test from orc_test (0 ms total)

[----------] Global test environment tear-down
[==========] 1 test from 1 test suite ran. (0 ms total)
[  PASSED  ] 1 test.
<end of output>
Test time =   0.02 sec
----------------------------------------------------------
Test Passed.
"orc_test.08" end time: Dec 14 02:43 RTZ 2 (çèìà)
"orc_test.08" time elapsed: 00:00:00
----------------------------------------------------------

9/24 Testing: druid_test.01
9/24 Test: druid_test.01
Command: "C:/Users/artem/Downloads/OOP/lab7/build/Debug/balagur_tests.exe" "--gtest_filter=druid_test.01" "--gtest_also_run_disabled_tests"
Directory: C:/Users/artem/Downloads/OOP/lab7/build
"druid_test.01" start time: Dec 14 02:43 RTZ 2 (çèìà)
Output:
----------------------------------------------------------
Note: Google Test filter = druid_test.01
[==========] Running 1 test from 1 test suite.
[----------] Global test environment set-up.
[----------] 1 test from druid_test
[ RUN      ] druid_test.01
Druid{ x:10, y:10} 
[       OK ] druid_test.01 (0 ms)
[----------] 1 test from druid_test (0 ms total)

[----------] Global test environment tear-down
[==========] 1 test from 1 test suite ran. (0 ms total)
[  PASSED  ] 1 test.
<end of output>
Test time =   0.02 sec
----------------------------------------------------------
Test Passed.
"druid_test.01" end time: Dec 14 02:43 RTZ 2 (çèìà)
"druid_test.01" time elapsed: 00:00:00
----------------------------------------------------------

10/24 Testing: druid_test.02
10/24 Test: druid_test.02
Command: "C:/Users/artem/Downloads/OOP/lab7/build/Debug/balagur_tests.exe" "--gtest_filter=druid_test.02" "--gtest_also_run_disabled_tests"
Directory: C:/Users/artem/Downloads/OOP/lab7/build
"druid_test.02" start time: Dec 14 02:43 RTZ 2 (çèìà)
Output:
----------------------------------------------------------
Note: Google Test filter = druid_test.02
[==========] Running 1 test from 1 test suite.
[----------] Global test environment set-up.
[----------] 1 test from druid_test
[ RUN      ] druid_test.02
Druid{ x:10, y:10} 

[       OK ] druid_test.02 (0 ms)
[----------] 1 test from druid_test (0 ms total)

[----------] Global test environment tear-down
[==========] 1 test from 1 test suite ran. (0 ms total)
[  PASSED  ] 1 test.
<end of output>
Test time =   0.02 sec
----------------------------------------------------------
Test Passed.
"druid_test.02" end time: Dec 14 02:43 RTZ 2 (çèìà)
"druid_test.02" time elapsed: 00:00:00
----------------------------------------------------------

11/24 Testing: druid_test.03
11/24 Test: druid_test.03
Command: "C:/Users/artem/Downloads/OOP/lab7/build/Debug/balagur_tests.exe" "--gtest_filter=druid_test.03" "--gtest_also_run_disabled_tests"
Directory: C:/Users/artem/Downloads/OOP/lab7/build
"druid_test.03" start time: Dec 14 02:43 RTZ 2 (çèìà)
Output:
----------------------------------------------------------
Note: Google Test filter = druid_test.03
[==========] Running 1 test from 1 test suite.
[----------] Global test environment set-up.
[----------] 1 test from druid_test
[ RUN      ] druid_test.03
[       OK ] druid_test.03 (0 ms)
[----------] 1 test from druid_test (0 ms total)

[----------] Global test environment tear-down
[==========] 1 test from 1 test suite ran. (0 ms total)
[  PASSED  ] 1 test.
<end of output>
Test time =   0.03 sec
----------------------------------------------------------
Test Passed.
"druid_test.03" end time: Dec 14 02:43 RTZ 2 (çèìà)
"druid_test.03" time elapsed: 00:00:00
----------------------------------------------------------

12/24 Testing: druid_test.04
12/24 Test: druid_test.04
Command: "C:/Users/artem/Downloads/OOP/lab7/build/Debug/balagur_tests.exe" "--gtest_filter=druid_test.04" "--gtest_also_run_disabled_tests"
Directory: C:/Users/artem/Downloads/OOP/lab7/build
"druid_test.04" start time: Dec 14 02:43 RTZ 2 (çèìà)
Output:
----------------------------------------------------------
Note: Google Test filter = druid_test.04
[==========] Running 1 test from 1 test suite.
[----------] Global test environment set-up.
[----------] 1 test from druid_test
[ RUN      ] druid_test.04
[       OK ] druid_test.04 (0 ms)
[----------] 1 test from druid_test (0 ms total)

[----------] Global test environment tear-down
[==========] 1 test from 1 test suite ran. (0 ms total)
[  PASSED  ] 1 test.
<end of output>
Test time =   0.02 sec
----------------------------------------------------------
Test Passed.
"druid_test.04" end time: Dec 14 02:43 RTZ 2 (çèìà)
"druid_test.04" time elapsed: 00:00:00
----------------------------------------------------------

13/24 Testing: druid_test.05
13/24 Test: druid_test.05
Command: "C:/Users/artem/Downloads/OOP/lab7/build/Debug/balagur_tests.exe" "--gtest_filter=druid_test.05" "--gtest_also_run_disabled_tests"
Directory: C:/Users/artem/Downloads/OOP/lab7/build
"druid_test.05" start time: Dec 14 02:43 RTZ 2 (çèìà)
Output:
----------------------------------------------------------
Note: Google Test filter = druid_test.05
[==========] Running 1 test from 1 test suite.
[----------] Global test environment set-up.
[----------] 1 test from druid_test
[ RUN      ] druid_test.05
[       OK ] druid_test.05 (0 ms)
[----------] 1 test from druid_test (0 ms total)

[----------] Global test environment tear-down
[==========] 1 test from 1 test suite ran. (0 ms total)
[  PASSED  ] 1 test.
<end of output>
Test time =   0.03 sec
----------------------------------------------------------
Test Passed.
"druid_test.05" end time: Dec 14 02:43 RTZ 2 (çèìà)
"druid_test.05" time elapsed: 00:00:00
----------------------------------------------------------

14/24 Testing: druid_test.06
14/24 Test: druid_test.06
Command: "C:/Users/artem/Downloads/OOP/lab7/build/Debug/balagur_tests.exe" "--gtest_filter=druid_test.06" "--gtest_also_run_disabled_tests"
Directory: C:/Users/artem/Downloads/OOP/lab7/build
"druid_test.06" start time: Dec 14 02:43 RTZ 2 (çèìà)
Output:
----------------------------------------------------------
Note: Google Test filter = druid_test.06
[==========] Running 1 test from 1 test suite.
[----------] Global test environment set-up.
[----------] 1 test from druid_test
[ RUN      ] druid_test.06
[       OK ] druid_test.06 (0 ms)
[----------] 1 test from druid_test (0 ms total)

[----------] Global test environment tear-down
[==========] 1 test from 1 test suite ran. (0 ms total)
[  PASSED  ] 1 test.
<end of output>
Test time =   0.02 sec
----------------------------------------------------------
Test Passed.
"druid_test.06" end time: Dec 14 02:43 RTZ 2 (çèìà)
"druid_test.06" time elapsed: 00:00:00
----------------------------------------------------------

15/24 Testing: druid_test.07
15/24 Test: druid_test.07
Command: "C:/Users/artem/Downloads/OOP/lab7/build/Debug/balagur_tests.exe" "--gtest_filter=druid_test.07" "--gtest_also_run_disabled_tests"
Directory: C:/Users/artem/Downloads/OOP/lab7/build
"druid_test.07" start time: Dec 14 02:43 RTZ 2 (çèìà)
Output:
----------------------------------------------------------
Note: Google Test filter = druid_test.07
[==========] Running 1 test from 1 test suite.
[----------] Global test environment set-up.
[----------] 1 test from druid_test
[ RUN      ] druid_test.07
[       OK ] druid_test.07 (0 ms)
[----------] 1 test from druid_test (0 ms total)

[----------] Global test environment tear-down
[==========] 1 test from 1 test suite ran. (0 ms total)
[  PASSED  ] 1 test.
<end of output>
Test time =   0.02 sec
----------------------------------------------------------
Test Passed.
"druid_test.07" end time: Dec 14 02:43 RTZ 2 (çèìà)
"druid_test.07" time elapsed: 00:00:00
----------------------------------------------------------

16/24 Testing: druid_test.08
16/24 Test: druid_test.08
Command: "C:/Users/artem/Downloads/OOP/lab7/build/Debug/balagur_tests.exe" "--gtest_filter=druid_test.08" "--gtest_also_run_disabled_tests"
Directory: C:/Users/artem/Downloads/OOP/lab7/build
"druid_test.08" start time: Dec 14 02:43 RTZ 2 (çèìà)
Output:
----------------------------------------------------------
Note: Google Test filter = druid_test.08
[==========] Running 1 test from 1 test suite.
[----------] Global test environment set-up.
[----------] 1 test from druid_test
[ RUN      ] druid_test.08
[       OK ] druid_test.08 (0 ms)
[----------] 1 test from druid_test (0 ms total)

[----------] Global test environment tear-down
[==========] 1 test from 1 test suite ran. (0 ms total)
[  PASSED  ] 1 test.
<end of output>
Test time =   0.02 sec
----------------------------------------------------------
Test Passed.
"druid_test.08" end time: Dec 14 02:43 RTZ 2 (çèìà)
"druid_test.08" time elapsed: 00:00:00
----------------------------------------------------------

17/24 Testing: squirrel_test.01
17/24 Test: squirrel_test.01
Command: "C:/Users/artem/Downloads/OOP/lab7/build/Debug/balagur_tests.exe" "--gtest_filter=squirrel_test.01" "--gtest_also_run_disabled_tests"
Directory: C:/Users/artem/Downloads/OOP/lab7/build
"squirrel_test.01" start time: Dec 14 02:43 RTZ 2 (çèìà)
Output:
----------------------------------------------------------
Note: Google Test filter = squirrel_test.01
[==========] Running 1 test from 1 test suite.
[----------] Global test environment set-up.
[----------] 1 test from squirrel_test
[ RUN      ] squirrel_test.01
Squirrel{ x:10, y:10} 
[       OK ] squirrel_test.01 (0 ms)
[----------] 1 test from squirrel_test (0 ms total)

[----------] Global test environment tear-down
[==========] 1 test from 1 test suite ran. (0 ms total)
[  PASSED  ] 1 test.
<end of output>
Test time =   0.03 sec
----------------------------------------------------------
Test Passed.
"squirrel_test.01" end time: Dec 14 02:43 RTZ 2 (çèìà)
"squirrel_test.01" time elapsed: 00:00:00
----------------------------------------------------------

18/24 Testing: squirrel_test.02
18/24 Test: squirrel_test.02
Command: "C:/Users/artem/Downloads/OOP/lab7/build/Debug/balagur_tests.exe" "--gtest_filter=squirrel_test.02" "--gtest_also_run_disabled_tests"
Directory: C:/Users/artem/Downloads/OOP/lab7/build
"squirrel_test.02" start time: Dec 14 02:43 RTZ 2 (çèìà)
Output:
----------------------------------------------------------
Note: Google Test filter = squirrel_test.02
[==========] Running 1 test from 1 test suite.
[----------] Global test environment set-up.
[----------] 1 test from squirrel_test
[ RUN      ] squirrel_test.02
Squirrel{ x:10, y:10} 

[       OK ] squirrel_test.02 (0 ms)
[----------] 1 test from squirrel_test (0 ms total)

[----------] Global test environment tear-down
[==========] 1 test from 1 test suite ran. (0 ms total)
[  PASSED  ] 1 test.
<end of output>
Test time =   0.02 sec
----------------------------------------------------------
Test Passed.
"squirrel_test.02" end time: Dec 14 02:43 RTZ 2 (çèìà)
"squirrel_test.02" time elapsed: 00:00:00
----------------------------------------------------------

19/24 Testing: squirrel_test.03
19/24 Test: squirrel_test.03
Command: "C:/Users/artem/Downloads/OOP/lab7/build/Debug/balagur_tests.exe" "--gtest_filter=squirrel_test.03" "--gtest_also_run_disabled_tests"
Directory: C:/Users/artem/Downloads/OOP/lab7/build
"squirrel_test.03" start time: Dec 14 02:43 RTZ 2 (çèìà)
Output:
----------------------------------------------------------
Note: Google Test filter = squirrel_test.03
[==========] Running 1 test from 1 test suite.
[----------] Global test environment set-up.
[----------] 1 test from squirrel_test
[ RUN      ] squirrel_test.03
[       OK ] squirrel_test.03 (0 ms)
[----------] 1 test from squirrel_test (0 ms total)

[----------] Global test environment tear-down
[==========] 1 test from 1 test suite ran. (0 ms total)
[  PASSED  ] 1 test.
<end of output>
Test time =   0.02 sec
----------------------------------------------------------
Test Passed.
"squirrel_test.03" end time: Dec 14 02:43 RTZ 2 (çèìà)
"squirrel_test.03" time elapsed: 00:00:00
----------------------------------------------------------

20/24 Testing: squirrel_test.04
20/24 Test: squirrel_test.04
Command: "C:/Users/artem/Downloads/OOP/lab7/build/Debug/balagur_tests.exe" "--gtest_filter=squirrel_test.04" "--gtest_also_run_disabled_tests"
Directory: C:/Users/artem/Downloads/OOP/lab7/build
"squirrel_test.04" start time: Dec 14 02:43 RTZ 2 (çèìà)
Output:
----------------------------------------------------------
Note: Google Test filter = squirrel_test.04
[==========] Running 1 test from 1 test suite.
[----------] Global test environment set-up.
[----------] 1 test from squirrel_test
[ RUN      ] squirrel_test.04
[       OK ] squirrel_test.04 (0 ms)
[----------] 1 test from squirrel_test (0 ms total)

[----------] Global test environment tear-down
[==========] 1 test from 1 test suite ran. (0 ms total)
[  PASSED  ] 1 test.
<end of output>
Test time =   0.02 sec
----------------------------------------------------------
Test Passed.
"squirrel_test.04" end time: Dec 14 02:43 RTZ 2 (çèìà)
"squirrel_test.04" time elapsed: 00:00:00
----------------------------------------------------------

21/24 Testing: squirrel_test.05
21/24 Test: squirrel_test.05
Command: "C:/Users/artem/Downloads/OOP/lab7/build/Debug/balagur_tests.exe" "--gtest_filter=squirrel_test.05" "--gtest_also_run_disabled_tests"
Directory: C:/Users/artem/Downloads/OOP/lab7/build
"squirrel_test.05" start time: Dec 14 02:43 RTZ 2 (çèìà)
Output:
----------------------------------------------------------
Note: Google Test filter = squirrel_test.05
[==========] Running 1 test from 1 test suite.
[----------] Global test environment set-up.
[----------] 1 test from squirrel_test
[ RUN      ] squirrel_test.05
[       OK ] squirrel_test.05 (0 ms)
[----------] 1 test from squirrel_test (0 ms total)

[----------] Global test environment tear-down
[==========] 1 test from 1 test suite ran. (0 ms total)
[  PASSED  ] 1 test.
<end of output>
Test time =   0.02 sec
----------------------------------------------------------
Test Passed.
"squirrel_test.05" end time: Dec 14 02:43 RTZ 2 (çèìà)
"squirrel_test.05" time elapsed: 00:00:00
----------------------------------------------------------

22/24 Testing: squirrel_test.06
22/24 Test: squirrel_test.06
Command: "C:/Users/artem/Downloads/OOP/lab7/build/Debug/balagur_tests.exe" "--gtest_filter=squirrel_test.06" "--gtest_also_run_disabled_tests"
Directory: C:/Users/artem/Downloads/OOP/lab7/build
"squirrel_test.06" start time: Dec 14 02:43 RTZ 2 (çèìà)
Output:
----------------------------------------------------------
Note: Google Test filter = squirrel_test.06
[==========] Running 1 test from 1 test suite.
[----------] Global test environment set-up.
[----------] 1 test from squirrel_test
[ RUN      ] squirrel_test.06
[       OK ] squirrel_test.06 (0 ms)
[----------] 1 test from squirrel_test (0 ms total)

[----------] Global test environment tear-down
[==========] 1 test from 1 test suite ran. (0 ms total)
[  PASSED  ] 1 test.
<end of output>
Test time =   0.02 sec
----------------------------------------------------------
Test Passed.
"squirrel_test.06" end time: Dec 14 02:43 RTZ 2 (çèìà)
"squirrel_test.06" time elapsed: 00:00:00
----------------------------------------------------------

23/24 Testing: squirrel_test.07
23/24 Test: squirrel_test.07
Command: "C:/Users/artem/Downloads/OOP/lab7/build/Debug/balagur_tests.exe" "--gtest_filter=squirrel_test.07" "--gtest_also_run_disabled_tests"
Directory: C:/Users/artem/Downloads/OOP/lab7/build
"squirrel_test.07" start time: Dec 14 02:43 RTZ 2 (çèìà)
Output:
----------------------------------------------------------
Note: Google Test filter = squirrel_test.07
[==========] Running 1 test from 1 test suite.
[----------] Global test environment set-up.
[----------] 1 test from squirrel_test
[ RUN      ] squirrel_test.07
[       OK ] squirrel_test.07 (0 ms)
[----------] 1 test from squirrel_test (0 ms total)

[----------] Global test environment tear-down
[==========] 1 test from 1 test suite ran. (0 ms total)
[  PASSED  ] 1 test.
<end of output>
Test time =   0.03 sec
----------------------------------------------------------
Test Passed.
"squirrel_test.07" end time: Dec 14 02:43 RTZ 2 (çèìà)
"squirrel_test.07" time elapsed: 00:00:00
----------------------------------------------------------

24/24 Testing: squirrel_test.08
24/24 Test: squirrel_test.08
Command: "C:/Users/artem/Downloads/OOP/lab7/build/Debug/balagur_tests.exe" "--gtest_filter=squirrel_test.08" "--gtest_also_run_disabled_tests"
Directory: C:/Users/artem/Downloads/OOP/lab7/build
"squirrel_test.08" start time: Dec 14 02:43 RTZ 2 (çèìà)
Output:
----------------------------------------------------------
Note: Google Test filter = squirrel_test.08
[==========] Running 1 test from 1 test suite.
[----------] Global test environment set-up.
[----------] 1 test from squirrel_test
[ RUN      ] squirrel_test.08
[       OK ] squirrel_test.08 (0 ms)
[----------] 1 test from squirrel_test (0 ms total)

[----------] Global test environment tear-down
[==========] 1 test from 1 test suite ran. (0 ms total)
[  PASSED  ] 1 test.
<end of output>
Test time =   0.03 sec
----------------------------------------------------------
Test Passed.
"squirrel_test.08" end time: Dec 14 02:43 RTZ 2 (çèìà)
"squirrel_test.08" time elapsed: 00:00:00
----------------------------------------------------------

End testing: Dec 14 02:43 RTZ 2 (çèìà)
