Start testing: Nov 30 11:04 RTZ 2 (çèìà)
----------------------------------------------------------
1/12 Testing: orc_test.01
1/12 Test: orc_test.01
Command: "C:/Users/artem/Downloads/OOP/lab6/build/Debug/balagur_tests.exe" "--gtest_filter=orc_test.01" "--gtest_also_run_disabled_tests"
Directory: C:/Users/artem/Downloads/OOP/lab6/build
"orc_test.01" start time: Nov 30 11:04 RTZ 2 (çèìà)
Output:
----------------------------------------------------------
Note: Google Test filter = orc_test.01
[==========] Running 1 test from 1 test suite.
[----------] Global test environment set-up.
[----------] 1 test from orc_test
[ RUN      ] orc_test.01
Orc{x:10, y:10}
[       OK ] orc_test.01 (0 ms)
[----------] 1 test from orc_test (0 ms total)

[----------] Global test environment tear-down
[==========] 1 test from 1 test suite ran. (1 ms total)
[  PASSED  ] 1 test.
<end of output>
Test time =   0.03 sec
----------------------------------------------------------
Test Passed.
"orc_test.01" end time: Nov 30 11:04 RTZ 2 (çèìà)
"orc_test.01" time elapsed: 00:00:00
----------------------------------------------------------

2/12 Testing: orc_test.02
2/12 Test: orc_test.02
Command: "C:/Users/artem/Downloads/OOP/lab6/build/Debug/balagur_tests.exe" "--gtest_filter=orc_test.02" "--gtest_also_run_disabled_tests"
Directory: C:/Users/artem/Downloads/OOP/lab6/build
"orc_test.02" start time: Nov 30 11:04 RTZ 2 (çèìà)
Output:
----------------------------------------------------------
Note: Google Test filter = orc_test.02
[==========] Running 1 test from 1 test suite.
[----------] Global test environment set-up.
[----------] 1 test from orc_test
[ RUN      ] orc_test.02
Orc{x:10, y:10}

[       OK ] orc_test.02 (0 ms)
[----------] 1 test from orc_test (0 ms total)

[----------] Global test environment tear-down
[==========] 1 test from 1 test suite ran. (0 ms total)
[  PASSED  ] 1 test.
<end of output>
Test time =   0.03 sec
----------------------------------------------------------
Test Passed.
"orc_test.02" end time: Nov 30 11:04 RTZ 2 (çèìà)
"orc_test.02" time elapsed: 00:00:00
----------------------------------------------------------

3/12 Testing: orc_test.03
3/12 Test: orc_test.03
Command: "C:/Users/artem/Downloads/OOP/lab6/build/Debug/balagur_tests.exe" "--gtest_filter=orc_test.03" "--gtest_also_run_disabled_tests"
Directory: C:/Users/artem/Downloads/OOP/lab6/build
"orc_test.03" start time: Nov 30 11:04 RTZ 2 (çèìà)
Output:
----------------------------------------------------------
Note: Google Test filter = orc_test.03
[==========] Running 1 test from 1 test suite.
[----------] Global test environment set-up.
[----------] 1 test from orc_test
[ RUN      ] orc_test.03
[       OK ] orc_test.03 (0 ms)
[----------] 1 test from orc_test (0 ms total)

[----------] Global test environment tear-down
[==========] 1 test from 1 test suite ran. (0 ms total)
[  PASSED  ] 1 test.
<end of output>
Test time =   0.03 sec
----------------------------------------------------------
Test Passed.
"orc_test.03" end time: Nov 30 11:04 RTZ 2 (çèìà)
"orc_test.03" time elapsed: 00:00:00
----------------------------------------------------------

4/12 Testing: orc_test.04
4/12 Test: orc_test.04
Command: "C:/Users/artem/Downloads/OOP/lab6/build/Debug/balagur_tests.exe" "--gtest_filter=orc_test.04" "--gtest_also_run_disabled_tests"
Directory: C:/Users/artem/Downloads/OOP/lab6/build
"orc_test.04" start time: Nov 30 11:04 RTZ 2 (çèìà)
Output:
----------------------------------------------------------
Note: Google Test filter = orc_test.04
[==========] Running 1 test from 1 test suite.
[----------] Global test environment set-up.
[----------] 1 test from orc_test
[ RUN      ] orc_test.04
[       OK ] orc_test.04 (0 ms)
[----------] 1 test from orc_test (0 ms total)

[----------] Global test environment tear-down
[==========] 1 test from 1 test suite ran. (0 ms total)
[  PASSED  ] 1 test.
<end of output>
Test time =   0.02 sec
----------------------------------------------------------
Test Passed.
"orc_test.04" end time: Nov 30 11:04 RTZ 2 (çèìà)
"orc_test.04" time elapsed: 00:00:00
----------------------------------------------------------

5/12 Testing: druid_test.01
5/12 Test: druid_test.01
Command: "C:/Users/artem/Downloads/OOP/lab6/build/Debug/balagur_tests.exe" "--gtest_filter=druid_test.01" "--gtest_also_run_disabled_tests"
Directory: C:/Users/artem/Downloads/OOP/lab6/build
"druid_test.01" start time: Nov 30 11:04 RTZ 2 (çèìà)
Output:
----------------------------------------------------------
Note: Google Test filter = druid_test.01
[==========] Running 1 test from 1 test suite.
[----------] Global test environment set-up.
[----------] 1 test from druid_test
[ RUN      ] druid_test.01
Druid{x:10, y:10}
[       OK ] druid_test.01 (0 ms)
[----------] 1 test from druid_test (0 ms total)

[----------] Global test environment tear-down
[==========] 1 test from 1 test suite ran. (0 ms total)
[  PASSED  ] 1 test.
<end of output>
Test time =   0.02 sec
----------------------------------------------------------
Test Passed.
"druid_test.01" end time: Nov 30 11:04 RTZ 2 (çèìà)
"druid_test.01" time elapsed: 00:00:00
----------------------------------------------------------

6/12 Testing: druid_test.02
6/12 Test: druid_test.02
Command: "C:/Users/artem/Downloads/OOP/lab6/build/Debug/balagur_tests.exe" "--gtest_filter=druid_test.02" "--gtest_also_run_disabled_tests"
Directory: C:/Users/artem/Downloads/OOP/lab6/build
"druid_test.02" start time: Nov 30 11:04 RTZ 2 (çèìà)
Output:
----------------------------------------------------------
Note: Google Test filter = druid_test.02
[==========] Running 1 test from 1 test suite.
[----------] Global test environment set-up.
[----------] 1 test from druid_test
[ RUN      ] druid_test.02
Druid{x:10, y:10}

[       OK ] druid_test.02 (0 ms)
[----------] 1 test from druid_test (0 ms total)

[----------] Global test environment tear-down
[==========] 1 test from 1 test suite ran. (0 ms total)
[  PASSED  ] 1 test.
<end of output>
Test time =   0.02 sec
----------------------------------------------------------
Test Passed.
"druid_test.02" end time: Nov 30 11:04 RTZ 2 (çèìà)
"druid_test.02" time elapsed: 00:00:00
----------------------------------------------------------

7/12 Testing: druid_test.03
7/12 Test: druid_test.03
Command: "C:/Users/artem/Downloads/OOP/lab6/build/Debug/balagur_tests.exe" "--gtest_filter=druid_test.03" "--gtest_also_run_disabled_tests"
Directory: C:/Users/artem/Downloads/OOP/lab6/build
"druid_test.03" start time: Nov 30 11:04 RTZ 2 (çèìà)
Output:
----------------------------------------------------------
Note: Google Test filter = druid_test.03
[==========] Running 1 test from 1 test suite.
[----------] Global test environment set-up.
[----------] 1 test from druid_test
[ RUN      ] druid_test.03
[       OK ] druid_test.03 (0 ms)
[----------] 1 test from druid_test (0 ms total)

[----------] Global test environment tear-down
[==========] 1 test from 1 test suite ran. (0 ms total)
[  PASSED  ] 1 test.
<end of output>
Test time =   0.02 sec
----------------------------------------------------------
Test Passed.
"druid_test.03" end time: Nov 30 11:04 RTZ 2 (çèìà)
"druid_test.03" time elapsed: 00:00:00
----------------------------------------------------------

8/12 Testing: druid_test.04
8/12 Test: druid_test.04
Command: "C:/Users/artem/Downloads/OOP/lab6/build/Debug/balagur_tests.exe" "--gtest_filter=druid_test.04" "--gtest_also_run_disabled_tests"
Directory: C:/Users/artem/Downloads/OOP/lab6/build
"druid_test.04" start time: Nov 30 11:04 RTZ 2 (çèìà)
Output:
----------------------------------------------------------
Note: Google Test filter = druid_test.04
[==========] Running 1 test from 1 test suite.
[----------] Global test environment set-up.
[----------] 1 test from druid_test
[ RUN      ] druid_test.04
[       OK ] druid_test.04 (0 ms)
[----------] 1 test from druid_test (0 ms total)

[----------] Global test environment tear-down
[==========] 1 test from 1 test suite ran. (0 ms total)
[  PASSED  ] 1 test.
<end of output>
Test time =   0.02 sec
----------------------------------------------------------
Test Passed.
"druid_test.04" end time: Nov 30 11:04 RTZ 2 (çèìà)
"druid_test.04" time elapsed: 00:00:00
----------------------------------------------------------

9/12 Testing: squirrel_test.01
9/12 Test: squirrel_test.01
Command: "C:/Users/artem/Downloads/OOP/lab6/build/Debug/balagur_tests.exe" "--gtest_filter=squirrel_test.01" "--gtest_also_run_disabled_tests"
Directory: C:/Users/artem/Downloads/OOP/lab6/build
"squirrel_test.01" start time: Nov 30 11:04 RTZ 2 (çèìà)
Output:
----------------------------------------------------------
Note: Google Test filter = squirrel_test.01
[==========] Running 1 test from 1 test suite.
[----------] Global test environment set-up.
[----------] 1 test from squirrel_test
[ RUN      ] squirrel_test.01
Squirrel{x:10, y:10}
[       OK ] squirrel_test.01 (0 ms)
[----------] 1 test from squirrel_test (0 ms total)

[----------] Global test environment tear-down
[==========] 1 test from 1 test suite ran. (0 ms total)
[  PASSED  ] 1 test.
<end of output>
Test time =   0.02 sec
----------------------------------------------------------
Test Passed.
"squirrel_test.01" end time: Nov 30 11:04 RTZ 2 (çèìà)
"squirrel_test.01" time elapsed: 00:00:00
----------------------------------------------------------

10/12 Testing: squirrel_test.02
10/12 Test: squirrel_test.02
Command: "C:/Users/artem/Downloads/OOP/lab6/build/Debug/balagur_tests.exe" "--gtest_filter=squirrel_test.02" "--gtest_also_run_disabled_tests"
Directory: C:/Users/artem/Downloads/OOP/lab6/build
"squirrel_test.02" start time: Nov 30 11:04 RTZ 2 (çèìà)
Output:
----------------------------------------------------------
Note: Google Test filter = squirrel_test.02
[==========] Running 1 test from 1 test suite.
[----------] Global test environment set-up.
[----------] 1 test from squirrel_test
[ RUN      ] squirrel_test.02
Squirrel{x:10, y:10}

[       OK ] squirrel_test.02 (0 ms)
[----------] 1 test from squirrel_test (0 ms total)

[----------] Global test environment tear-down
[==========] 1 test from 1 test suite ran. (0 ms total)
[  PASSED  ] 1 test.
<end of output>
Test time =   0.03 sec
----------------------------------------------------------
Test Passed.
"squirrel_test.02" end time: Nov 30 11:04 RTZ 2 (çèìà)
"squirrel_test.02" time elapsed: 00:00:00
----------------------------------------------------------

11/12 Testing: squirrel_test.03
11/12 Test: squirrel_test.03
Command: "C:/Users/artem/Downloads/OOP/lab6/build/Debug/balagur_tests.exe" "--gtest_filter=squirrel_test.03" "--gtest_also_run_disabled_tests"
Directory: C:/Users/artem/Downloads/OOP/lab6/build
"squirrel_test.03" start time: Nov 30 11:04 RTZ 2 (çèìà)
Output:
----------------------------------------------------------
Note: Google Test filter = squirrel_test.03
[==========] Running 1 test from 1 test suite.
[----------] Global test environment set-up.
[----------] 1 test from squirrel_test
[ RUN      ] squirrel_test.03
[       OK ] squirrel_test.03 (0 ms)
[----------] 1 test from squirrel_test (0 ms total)

[----------] Global test environment tear-down
[==========] 1 test from 1 test suite ran. (0 ms total)
[  PASSED  ] 1 test.
<end of output>
Test time =   0.02 sec
----------------------------------------------------------
Test Passed.
"squirrel_test.03" end time: Nov 30 11:04 RTZ 2 (çèìà)
"squirrel_test.03" time elapsed: 00:00:00
----------------------------------------------------------

12/12 Testing: squirrel_test.04
12/12 Test: squirrel_test.04
Command: "C:/Users/artem/Downloads/OOP/lab6/build/Debug/balagur_tests.exe" "--gtest_filter=squirrel_test.04" "--gtest_also_run_disabled_tests"
Directory: C:/Users/artem/Downloads/OOP/lab6/build
"squirrel_test.04" start time: Nov 30 11:04 RTZ 2 (çèìà)
Output:
----------------------------------------------------------
Note: Google Test filter = squirrel_test.04
[==========] Running 1 test from 1 test suite.
[----------] Global test environment set-up.
[----------] 1 test from squirrel_test
[ RUN      ] squirrel_test.04
[       OK ] squirrel_test.04 (0 ms)
[----------] 1 test from squirrel_test (0 ms total)

[----------] Global test environment tear-down
[==========] 1 test from 1 test suite ran. (0 ms total)
[  PASSED  ] 1 test.
<end of output>
Test time =   0.02 sec
----------------------------------------------------------
Test Passed.
"squirrel_test.04" end time: Nov 30 11:04 RTZ 2 (çèìà)
"squirrel_test.04" time elapsed: 00:00:00
----------------------------------------------------------

End testing: Nov 30 11:04 RTZ 2 (çèìà)
