Start testing: Nov 29 01:20 RTZ 2 (çèìà)
----------------------------------------------------------
1/18 Testing: test_01.princess_constructor
1/18 Test: test_01.princess_constructor
Command: "C:/Users/artem/Downloads/OOP/lab6/build/Debug/balagur_tests.exe" "--gtest_filter=test_01.princess_constructor" "--gtest_also_run_disabled_tests"
Directory: C:/Users/artem/Downloads/OOP/lab6/build
"test_01.princess_constructor" start time: Nov 29 01:20 RTZ 2 (çèìà)
Output:
----------------------------------------------------------
Running main() from C:\Users\artem\Downloads\OOP\lab6\build\_deps\googletest-src\googletest\src\gtest_main.cc
Note: Google Test filter = test_01.princess_constructor
[==========] Running 1 test from 1 test suite.
[----------] Global test environment set-up.
[----------] 1 test from test_01
[ RUN      ] test_01.princess_constructor
[       OK ] test_01.princess_constructor (0 ms)
[----------] 1 test from test_01 (0 ms total)

[----------] Global test environment tear-down
[==========] 1 test from 1 test suite ran. (15 ms total)
[  PASSED  ] 1 test.
<end of output>
Test time =   0.05 sec
----------------------------------------------------------
Test Passed.
"test_01.princess_constructor" end time: Nov 29 01:20 RTZ 2 (çèìà)
"test_01.princess_constructor" time elapsed: 00:00:00
----------------------------------------------------------

2/18 Testing: test_02.princess_constructor
2/18 Test: test_02.princess_constructor
Command: "C:/Users/artem/Downloads/OOP/lab6/build/Debug/balagur_tests.exe" "--gtest_filter=test_02.princess_constructor" "--gtest_also_run_disabled_tests"
Directory: C:/Users/artem/Downloads/OOP/lab6/build
"test_02.princess_constructor" start time: Nov 29 01:20 RTZ 2 (çèìà)
Output:
----------------------------------------------------------
Running main() from C:\Users\artem\Downloads\OOP\lab6\build\_deps\googletest-src\googletest\src\gtest_main.cc
Note: Google Test filter = test_02.princess_constructor
[==========] Running 1 test from 1 test suite.
[----------] Global test environment set-up.
[----------] 1 test from test_02
[ RUN      ] test_02.princess_constructor
[       OK ] test_02.princess_constructor (0 ms)
[----------] 1 test from test_02 (0 ms total)

[----------] Global test environment tear-down
[==========] 1 test from 1 test suite ran. (0 ms total)
[  PASSED  ] 1 test.
<end of output>
Test time =   0.03 sec
----------------------------------------------------------
Test Passed.
"test_02.princess_constructor" end time: Nov 29 01:20 RTZ 2 (çèìà)
"test_02.princess_constructor" time elapsed: 00:00:00
----------------------------------------------------------

3/18 Testing: test_03.princess_constructor
3/18 Test: test_03.princess_constructor
Command: "C:/Users/artem/Downloads/OOP/lab6/build/Debug/balagur_tests.exe" "--gtest_filter=test_03.princess_constructor" "--gtest_also_run_disabled_tests"
Directory: C:/Users/artem/Downloads/OOP/lab6/build
"test_03.princess_constructor" start time: Nov 29 01:20 RTZ 2 (çèìà)
Output:
----------------------------------------------------------
Running main() from C:\Users\artem\Downloads\OOP\lab6\build\_deps\googletest-src\googletest\src\gtest_main.cc
Note: Google Test filter = test_03.princess_constructor
[==========] Running 1 test from 1 test suite.
[----------] Global test environment set-up.
[----------] 1 test from test_03
[ RUN      ] test_03.princess_constructor
[       OK ] test_03.princess_constructor (0 ms)
[----------] 1 test from test_03 (0 ms total)

[----------] Global test environment tear-down
[==========] 1 test from 1 test suite ran. (0 ms total)
[  PASSED  ] 1 test.
<end of output>
Test time =   0.03 sec
----------------------------------------------------------
Test Passed.
"test_03.princess_constructor" end time: Nov 29 01:20 RTZ 2 (çèìà)
"test_03.princess_constructor" time elapsed: 00:00:00
----------------------------------------------------------

4/18 Testing: test_04.dragon_constructor
4/18 Test: test_04.dragon_constructor
Command: "C:/Users/artem/Downloads/OOP/lab6/build/Debug/balagur_tests.exe" "--gtest_filter=test_04.dragon_constructor" "--gtest_also_run_disabled_tests"
Directory: C:/Users/artem/Downloads/OOP/lab6/build
"test_04.dragon_constructor" start time: Nov 29 01:20 RTZ 2 (çèìà)
Output:
----------------------------------------------------------
Running main() from C:\Users\artem\Downloads\OOP\lab6\build\_deps\googletest-src\googletest\src\gtest_main.cc
Note: Google Test filter = test_04.dragon_constructor
[==========] Running 1 test from 1 test suite.
[----------] Global test environment set-up.
[----------] 1 test from test_04
[ RUN      ] test_04.dragon_constructor
[       OK ] test_04.dragon_constructor (0 ms)
[----------] 1 test from test_04 (0 ms total)

[----------] Global test environment tear-down
[==========] 1 test from 1 test suite ran. (0 ms total)
[  PASSED  ] 1 test.
<end of output>
Test time =   0.02 sec
----------------------------------------------------------
Test Passed.
"test_04.dragon_constructor" end time: Nov 29 01:20 RTZ 2 (çèìà)
"test_04.dragon_constructor" time elapsed: 00:00:00
----------------------------------------------------------

5/18 Testing: test_05.dragon_constructor
5/18 Test: test_05.dragon_constructor
Command: "C:/Users/artem/Downloads/OOP/lab6/build/Debug/balagur_tests.exe" "--gtest_filter=test_05.dragon_constructor" "--gtest_also_run_disabled_tests"
Directory: C:/Users/artem/Downloads/OOP/lab6/build
"test_05.dragon_constructor" start time: Nov 29 01:20 RTZ 2 (çèìà)
Output:
----------------------------------------------------------
Running main() from C:\Users\artem\Downloads\OOP\lab6\build\_deps\googletest-src\googletest\src\gtest_main.cc
Note: Google Test filter = test_05.dragon_constructor
[==========] Running 1 test from 1 test suite.
[----------] Global test environment set-up.
[----------] 1 test from test_05
[ RUN      ] test_05.dragon_constructor
[       OK ] test_05.dragon_constructor (0 ms)
[----------] 1 test from test_05 (0 ms total)

[----------] Global test environment tear-down
[==========] 1 test from 1 test suite ran. (0 ms total)
[  PASSED  ] 1 test.
<end of output>
Test time =   0.03 sec
----------------------------------------------------------
Test Passed.
"test_05.dragon_constructor" end time: Nov 29 01:20 RTZ 2 (çèìà)
"test_05.dragon_constructor" time elapsed: 00:00:00
----------------------------------------------------------

6/18 Testing: test_06.dragon_constructor
6/18 Test: test_06.dragon_constructor
Command: "C:/Users/artem/Downloads/OOP/lab6/build/Debug/balagur_tests.exe" "--gtest_filter=test_06.dragon_constructor" "--gtest_also_run_disabled_tests"
Directory: C:/Users/artem/Downloads/OOP/lab6/build
"test_06.dragon_constructor" start time: Nov 29 01:20 RTZ 2 (çèìà)
Output:
----------------------------------------------------------
Running main() from C:\Users\artem\Downloads\OOP\lab6\build\_deps\googletest-src\googletest\src\gtest_main.cc
Note: Google Test filter = test_06.dragon_constructor
[==========] Running 1 test from 1 test suite.
[----------] Global test environment set-up.
[----------] 1 test from test_06
[ RUN      ] test_06.dragon_constructor
[       OK ] test_06.dragon_constructor (0 ms)
[----------] 1 test from test_06 (0 ms total)

[----------] Global test environment tear-down
[==========] 1 test from 1 test suite ran. (0 ms total)
[  PASSED  ] 1 test.
<end of output>
Test time =   0.03 sec
----------------------------------------------------------
Test Passed.
"test_06.dragon_constructor" end time: Nov 29 01:20 RTZ 2 (çèìà)
"test_06.dragon_constructor" time elapsed: 00:00:00
----------------------------------------------------------

7/18 Testing: test_07.knight_constructor
7/18 Test: test_07.knight_constructor
Command: "C:/Users/artem/Downloads/OOP/lab6/build/Debug/balagur_tests.exe" "--gtest_filter=test_07.knight_constructor" "--gtest_also_run_disabled_tests"
Directory: C:/Users/artem/Downloads/OOP/lab6/build
"test_07.knight_constructor" start time: Nov 29 01:20 RTZ 2 (çèìà)
Output:
----------------------------------------------------------
Running main() from C:\Users\artem\Downloads\OOP\lab6\build\_deps\googletest-src\googletest\src\gtest_main.cc
Note: Google Test filter = test_07.knight_constructor
[==========] Running 1 test from 1 test suite.
[----------] Global test environment set-up.
[----------] 1 test from test_07
[ RUN      ] test_07.knight_constructor
[       OK ] test_07.knight_constructor (0 ms)
[----------] 1 test from test_07 (0 ms total)

[----------] Global test environment tear-down
[==========] 1 test from 1 test suite ran. (0 ms total)
[  PASSED  ] 1 test.
<end of output>
Test time =   0.03 sec
----------------------------------------------------------
Test Passed.
"test_07.knight_constructor" end time: Nov 29 01:20 RTZ 2 (çèìà)
"test_07.knight_constructor" time elapsed: 00:00:00
----------------------------------------------------------

8/18 Testing: test_08.knight_constructor
8/18 Test: test_08.knight_constructor
Command: "C:/Users/artem/Downloads/OOP/lab6/build/Debug/balagur_tests.exe" "--gtest_filter=test_08.knight_constructor" "--gtest_also_run_disabled_tests"
Directory: C:/Users/artem/Downloads/OOP/lab6/build
"test_08.knight_constructor" start time: Nov 29 01:20 RTZ 2 (çèìà)
Output:
----------------------------------------------------------
Running main() from C:\Users\artem\Downloads\OOP\lab6\build\_deps\googletest-src\googletest\src\gtest_main.cc
Note: Google Test filter = test_08.knight_constructor
[==========] Running 1 test from 1 test suite.
[----------] Global test environment set-up.
[----------] 1 test from test_08
[ RUN      ] test_08.knight_constructor
[       OK ] test_08.knight_constructor (0 ms)
[----------] 1 test from test_08 (0 ms total)

[----------] Global test environment tear-down
[==========] 1 test from 1 test suite ran. (0 ms total)
[  PASSED  ] 1 test.
<end of output>
Test time =   0.03 sec
----------------------------------------------------------
Test Passed.
"test_08.knight_constructor" end time: Nov 29 01:20 RTZ 2 (çèìà)
"test_08.knight_constructor" time elapsed: 00:00:00
----------------------------------------------------------

9/18 Testing: test_09.knight_constructor
9/18 Test: test_09.knight_constructor
Command: "C:/Users/artem/Downloads/OOP/lab6/build/Debug/balagur_tests.exe" "--gtest_filter=test_09.knight_constructor" "--gtest_also_run_disabled_tests"
Directory: C:/Users/artem/Downloads/OOP/lab6/build
"test_09.knight_constructor" start time: Nov 29 01:20 RTZ 2 (çèìà)
Output:
----------------------------------------------------------
Running main() from C:\Users\artem\Downloads\OOP\lab6\build\_deps\googletest-src\googletest\src\gtest_main.cc
Note: Google Test filter = test_09.knight_constructor
[==========] Running 1 test from 1 test suite.
[----------] Global test environment set-up.
[----------] 1 test from test_09
[ RUN      ] test_09.knight_constructor
[       OK ] test_09.knight_constructor (0 ms)
[----------] 1 test from test_09 (0 ms total)

[----------] Global test environment tear-down
[==========] 1 test from 1 test suite ran. (0 ms total)
[  PASSED  ] 1 test.
<end of output>
Test time =   0.03 sec
----------------------------------------------------------
Test Passed.
"test_09.knight_constructor" end time: Nov 29 01:20 RTZ 2 (çèìà)
"test_09.knight_constructor" time elapsed: 00:00:00
----------------------------------------------------------

10/18 Testing: test_10.on_fight
10/18 Test: test_10.on_fight
Command: "C:/Users/artem/Downloads/OOP/lab6/build/Debug/balagur_tests.exe" "--gtest_filter=test_10.on_fight" "--gtest_also_run_disabled_tests"
Directory: C:/Users/artem/Downloads/OOP/lab6/build
"test_10.on_fight" start time: Nov 29 01:20 RTZ 2 (çèìà)
Output:
----------------------------------------------------------
Running main() from C:\Users\artem\Downloads\OOP\lab6\build\_deps\googletest-src\googletest\src\gtest_main.cc
Note: Google Test filter = test_10.on_fight
[==========] Running 1 test from 1 test suite.
[----------] Global test environment set-up.
[----------] 1 test from test_10
[ RUN      ] test_10.on_fight
[       OK ] test_10.on_fight (0 ms)
[----------] 1 test from test_10 (0 ms total)

[----------] Global test environment tear-down
[==========] 1 test from 1 test suite ran. (0 ms total)
[  PASSED  ] 1 test.
<end of output>
Test time =   0.02 sec
----------------------------------------------------------
Test Passed.
"test_10.on_fight" end time: Nov 29 01:20 RTZ 2 (çèìà)
"test_10.on_fight" time elapsed: 00:00:00
----------------------------------------------------------

11/18 Testing: test_11.on_fight
11/18 Test: test_11.on_fight
Command: "C:/Users/artem/Downloads/OOP/lab6/build/Debug/balagur_tests.exe" "--gtest_filter=test_11.on_fight" "--gtest_also_run_disabled_tests"
Directory: C:/Users/artem/Downloads/OOP/lab6/build
"test_11.on_fight" start time: Nov 29 01:20 RTZ 2 (çèìà)
Output:
----------------------------------------------------------
Running main() from C:\Users\artem\Downloads\OOP\lab6\build\_deps\googletest-src\googletest\src\gtest_main.cc
Note: Google Test filter = test_11.on_fight
[==========] Running 1 test from 1 test suite.
[----------] Global test environment set-up.
[----------] 1 test from test_11
[ RUN      ] test_11.on_fight
[       OK ] test_11.on_fight (0 ms)
[----------] 1 test from test_11 (0 ms total)

[----------] Global test environment tear-down
[==========] 1 test from 1 test suite ran. (0 ms total)
[  PASSED  ] 1 test.
<end of output>
Test time =   0.03 sec
----------------------------------------------------------
Test Passed.
"test_11.on_fight" end time: Nov 29 01:20 RTZ 2 (çèìà)
"test_11.on_fight" time elapsed: 00:00:00
----------------------------------------------------------

12/18 Testing: test_12.on_fight
12/18 Test: test_12.on_fight
Command: "C:/Users/artem/Downloads/OOP/lab6/build/Debug/balagur_tests.exe" "--gtest_filter=test_12.on_fight" "--gtest_also_run_disabled_tests"
Directory: C:/Users/artem/Downloads/OOP/lab6/build
"test_12.on_fight" start time: Nov 29 01:20 RTZ 2 (çèìà)
Output:
----------------------------------------------------------
Running main() from C:\Users\artem\Downloads\OOP\lab6\build\_deps\googletest-src\googletest\src\gtest_main.cc
Note: Google Test filter = test_12.on_fight
[==========] Running 1 test from 1 test suite.
[----------] Global test environment set-up.
[----------] 1 test from test_12
[ RUN      ] test_12.on_fight
[       OK ] test_12.on_fight (0 ms)
[----------] 1 test from test_12 (0 ms total)

[----------] Global test environment tear-down
[==========] 1 test from 1 test suite ran. (0 ms total)
[  PASSED  ] 1 test.
<end of output>
Test time =   0.02 sec
----------------------------------------------------------
Test Passed.
"test_12.on_fight" end time: Nov 29 01:20 RTZ 2 (çèìà)
"test_12.on_fight" time elapsed: 00:00:00
----------------------------------------------------------

13/18 Testing: test_13.on_fight
13/18 Test: test_13.on_fight
Command: "C:/Users/artem/Downloads/OOP/lab6/build/Debug/balagur_tests.exe" "--gtest_filter=test_13.on_fight" "--gtest_also_run_disabled_tests"
Directory: C:/Users/artem/Downloads/OOP/lab6/build
"test_13.on_fight" start time: Nov 29 01:20 RTZ 2 (çèìà)
Output:
----------------------------------------------------------
Running main() from C:\Users\artem\Downloads\OOP\lab6\build\_deps\googletest-src\googletest\src\gtest_main.cc
Note: Google Test filter = test_13.on_fight
[==========] Running 1 test from 1 test suite.
[----------] Global test environment set-up.
[----------] 1 test from test_13
[ RUN      ] test_13.on_fight
[       OK ] test_13.on_fight (0 ms)
[----------] 1 test from test_13 (0 ms total)

[----------] Global test environment tear-down
[==========] 1 test from 1 test suite ran. (0 ms total)
[  PASSED  ] 1 test.
<end of output>
Test time =   0.02 sec
----------------------------------------------------------
Test Passed.
"test_13.on_fight" end time: Nov 29 01:20 RTZ 2 (çèìà)
"test_13.on_fight" time elapsed: 00:00:00
----------------------------------------------------------

14/18 Testing: test_14.on_fight
14/18 Test: test_14.on_fight
Command: "C:/Users/artem/Downloads/OOP/lab6/build/Debug/balagur_tests.exe" "--gtest_filter=test_14.on_fight" "--gtest_also_run_disabled_tests"
Directory: C:/Users/artem/Downloads/OOP/lab6/build
"test_14.on_fight" start time: Nov 29 01:20 RTZ 2 (çèìà)
Output:
----------------------------------------------------------
Running main() from C:\Users\artem\Downloads\OOP\lab6\build\_deps\googletest-src\googletest\src\gtest_main.cc
Note: Google Test filter = test_14.on_fight
[==========] Running 1 test from 1 test suite.
[----------] Global test environment set-up.
[----------] 1 test from test_14
[ RUN      ] test_14.on_fight
[       OK ] test_14.on_fight (0 ms)
[----------] 1 test from test_14 (0 ms total)

[----------] Global test environment tear-down
[==========] 1 test from 1 test suite ran. (0 ms total)
[  PASSED  ] 1 test.
<end of output>
Test time =   0.03 sec
----------------------------------------------------------
Test Passed.
"test_14.on_fight" end time: Nov 29 01:20 RTZ 2 (çèìà)
"test_14.on_fight" time elapsed: 00:00:00
----------------------------------------------------------

15/18 Testing: test_15.on_fight
15/18 Test: test_15.on_fight
Command: "C:/Users/artem/Downloads/OOP/lab6/build/Debug/balagur_tests.exe" "--gtest_filter=test_15.on_fight" "--gtest_also_run_disabled_tests"
Directory: C:/Users/artem/Downloads/OOP/lab6/build
"test_15.on_fight" start time: Nov 29 01:20 RTZ 2 (çèìà)
Output:
----------------------------------------------------------
Running main() from C:\Users\artem\Downloads\OOP\lab6\build\_deps\googletest-src\googletest\src\gtest_main.cc
Note: Google Test filter = test_15.on_fight
[==========] Running 1 test from 1 test suite.
[----------] Global test environment set-up.
[----------] 1 test from test_15
[ RUN      ] test_15.on_fight
[       OK ] test_15.on_fight (0 ms)
[----------] 1 test from test_15 (0 ms total)

[----------] Global test environment tear-down
[==========] 1 test from 1 test suite ran. (0 ms total)
[  PASSED  ] 1 test.
<end of output>
Test time =   0.03 sec
----------------------------------------------------------
Test Passed.
"test_15.on_fight" end time: Nov 29 01:20 RTZ 2 (çèìà)
"test_15.on_fight" time elapsed: 00:00:00
----------------------------------------------------------

16/18 Testing: test_16.on_fight
16/18 Test: test_16.on_fight
Command: "C:/Users/artem/Downloads/OOP/lab6/build/Debug/balagur_tests.exe" "--gtest_filter=test_16.on_fight" "--gtest_also_run_disabled_tests"
Directory: C:/Users/artem/Downloads/OOP/lab6/build
"test_16.on_fight" start time: Nov 29 01:20 RTZ 2 (çèìà)
Output:
----------------------------------------------------------
Running main() from C:\Users\artem\Downloads\OOP\lab6\build\_deps\googletest-src\googletest\src\gtest_main.cc
Note: Google Test filter = test_16.on_fight
[==========] Running 1 test from 1 test suite.
[----------] Global test environment set-up.
[----------] 1 test from test_16
[ RUN      ] test_16.on_fight
[       OK ] test_16.on_fight (0 ms)
[----------] 1 test from test_16 (0 ms total)

[----------] Global test environment tear-down
[==========] 1 test from 1 test suite ran. (0 ms total)
[  PASSED  ] 1 test.
<end of output>
Test time =   0.02 sec
----------------------------------------------------------
Test Passed.
"test_16.on_fight" end time: Nov 29 01:20 RTZ 2 (çèìà)
"test_16.on_fight" time elapsed: 00:00:00
----------------------------------------------------------

17/18 Testing: test_17.on_fight
17/18 Test: test_17.on_fight
Command: "C:/Users/artem/Downloads/OOP/lab6/build/Debug/balagur_tests.exe" "--gtest_filter=test_17.on_fight" "--gtest_also_run_disabled_tests"
Directory: C:/Users/artem/Downloads/OOP/lab6/build
"test_17.on_fight" start time: Nov 29 01:20 RTZ 2 (çèìà)
Output:
----------------------------------------------------------
Running main() from C:\Users\artem\Downloads\OOP\lab6\build\_deps\googletest-src\googletest\src\gtest_main.cc
Note: Google Test filter = test_17.on_fight
[==========] Running 1 test from 1 test suite.
[----------] Global test environment set-up.
[----------] 1 test from test_17
[ RUN      ] test_17.on_fight
[       OK ] test_17.on_fight (0 ms)
[----------] 1 test from test_17 (0 ms total)

[----------] Global test environment tear-down
[==========] 1 test from 1 test suite ran. (0 ms total)
[  PASSED  ] 1 test.
<end of output>
Test time =   0.02 sec
----------------------------------------------------------
Test Passed.
"test_17.on_fight" end time: Nov 29 01:20 RTZ 2 (çèìà)
"test_17.on_fight" time elapsed: 00:00:00
----------------------------------------------------------

18/18 Testing: test_18.on_fight
18/18 Test: test_18.on_fight
Command: "C:/Users/artem/Downloads/OOP/lab6/build/Debug/balagur_tests.exe" "--gtest_filter=test_18.on_fight" "--gtest_also_run_disabled_tests"
Directory: C:/Users/artem/Downloads/OOP/lab6/build
"test_18.on_fight" start time: Nov 29 01:20 RTZ 2 (çèìà)
Output:
----------------------------------------------------------
Running main() from C:\Users\artem\Downloads\OOP\lab6\build\_deps\googletest-src\googletest\src\gtest_main.cc
Note: Google Test filter = test_18.on_fight
[==========] Running 1 test from 1 test suite.
[----------] Global test environment set-up.
[----------] 1 test from test_18
[ RUN      ] test_18.on_fight
[       OK ] test_18.on_fight (0 ms)
[----------] 1 test from test_18 (0 ms total)

[----------] Global test environment tear-down
[==========] 1 test from 1 test suite ran. (0 ms total)
[  PASSED  ] 1 test.
<end of output>
Test time =   0.03 sec
----------------------------------------------------------
Test Passed.
"test_18.on_fight" end time: Nov 29 01:20 RTZ 2 (çèìà)
"test_18.on_fight" time elapsed: 00:00:00
----------------------------------------------------------

End testing: Nov 29 01:20 RTZ 2 (çèìà)
