Start testing: Oct 04 23:39 RTZ 2 (çèìà)
----------------------------------------------------------
1/10 Testing: ExtractNumbersTest.HandlesMixedInput
1/10 Test: ExtractNumbersTest.HandlesMixedInput
Command: "C:/Users/artem/Downloads/OOP/lab1/build/Debug/lab1_tests.exe" "--gtest_filter=ExtractNumbersTest.HandlesMixedInput" "--gtest_also_run_disabled_tests"
Directory: C:/Users/artem/Downloads/OOP/lab1/build
"ExtractNumbersTest.HandlesMixedInput" start time: Oct 04 23:39 RTZ 2 (çèìà)
Output:
----------------------------------------------------------
Running main() from C:\Users\artem\Downloads\OOP\lab1\build\_deps\googletest-src\googletest\src\gtest_main.cc
Note: Google Test filter = ExtractNumbersTest.HandlesMixedInput
[==========] Running 1 test from 1 test suite.
[----------] Global test environment set-up.
[----------] 1 test from ExtractNumbersTest
[ RUN      ] ExtractNumbersTest.HandlesMixedInput
[       OK ] ExtractNumbersTest.HandlesMixedInput (0 ms)
[----------] 1 test from ExtractNumbersTest (0 ms total)

[----------] Global test environment tear-down
[==========] 1 test from 1 test suite ran. (0 ms total)
[  PASSED  ] 1 test.
<end of output>
Test time =   0.01 sec
----------------------------------------------------------
Test Passed.
"ExtractNumbersTest.HandlesMixedInput" end time: Oct 04 23:39 RTZ 2 (çèìà)
"ExtractNumbersTest.HandlesMixedInput" time elapsed: 00:00:00
----------------------------------------------------------

2/10 Testing: ExtractNumbersTest.HandlesNoNumbers
2/10 Test: ExtractNumbersTest.HandlesNoNumbers
Command: "C:/Users/artem/Downloads/OOP/lab1/build/Debug/lab1_tests.exe" "--gtest_filter=ExtractNumbersTest.HandlesNoNumbers" "--gtest_also_run_disabled_tests"
Directory: C:/Users/artem/Downloads/OOP/lab1/build
"ExtractNumbersTest.HandlesNoNumbers" start time: Oct 04 23:39 RTZ 2 (çèìà)
Output:
----------------------------------------------------------
Running main() from C:\Users\artem\Downloads\OOP\lab1\build\_deps\googletest-src\googletest\src\gtest_main.cc
Note: Google Test filter = ExtractNumbersTest.HandlesNoNumbers
[==========] Running 1 test from 1 test suite.
[----------] Global test environment set-up.
[----------] 1 test from ExtractNumbersTest
[ RUN      ] ExtractNumbersTest.HandlesNoNumbers
[       OK ] ExtractNumbersTest.HandlesNoNumbers (0 ms)
[----------] 1 test from ExtractNumbersTest (0 ms total)

[----------] Global test environment tear-down
[==========] 1 test from 1 test suite ran. (0 ms total)
[  PASSED  ] 1 test.
<end of output>
Test time =   0.01 sec
----------------------------------------------------------
Test Passed.
"ExtractNumbersTest.HandlesNoNumbers" end time: Oct 04 23:39 RTZ 2 (çèìà)
"ExtractNumbersTest.HandlesNoNumbers" time elapsed: 00:00:00
----------------------------------------------------------

3/10 Testing: ExtractNumbersTest.HandlesOnlyNumbers
3/10 Test: ExtractNumbersTest.HandlesOnlyNumbers
Command: "C:/Users/artem/Downloads/OOP/lab1/build/Debug/lab1_tests.exe" "--gtest_filter=ExtractNumbersTest.HandlesOnlyNumbers" "--gtest_also_run_disabled_tests"
Directory: C:/Users/artem/Downloads/OOP/lab1/build
"ExtractNumbersTest.HandlesOnlyNumbers" start time: Oct 04 23:39 RTZ 2 (çèìà)
Output:
----------------------------------------------------------
Running main() from C:\Users\artem\Downloads\OOP\lab1\build\_deps\googletest-src\googletest\src\gtest_main.cc
Note: Google Test filter = ExtractNumbersTest.HandlesOnlyNumbers
[==========] Running 1 test from 1 test suite.
[----------] Global test environment set-up.
[----------] 1 test from ExtractNumbersTest
[ RUN      ] ExtractNumbersTest.HandlesOnlyNumbers
[       OK ] ExtractNumbersTest.HandlesOnlyNumbers (0 ms)
[----------] 1 test from ExtractNumbersTest (0 ms total)

[----------] Global test environment tear-down
[==========] 1 test from 1 test suite ran. (0 ms total)
[  PASSED  ] 1 test.
<end of output>
Test time =   0.01 sec
----------------------------------------------------------
Test Passed.
"ExtractNumbersTest.HandlesOnlyNumbers" end time: Oct 04 23:39 RTZ 2 (çèìà)
"ExtractNumbersTest.HandlesOnlyNumbers" time elapsed: 00:00:00
----------------------------------------------------------

4/10 Testing: ExtractNumbersTest.HandlesSpacesInInput
4/10 Test: ExtractNumbersTest.HandlesSpacesInInput
Command: "C:/Users/artem/Downloads/OOP/lab1/build/Debug/lab1_tests.exe" "--gtest_filter=ExtractNumbersTest.HandlesSpacesInInput" "--gtest_also_run_disabled_tests"
Directory: C:/Users/artem/Downloads/OOP/lab1/build
"ExtractNumbersTest.HandlesSpacesInInput" start time: Oct 04 23:39 RTZ 2 (çèìà)
Output:
----------------------------------------------------------
Running main() from C:\Users\artem\Downloads\OOP\lab1\build\_deps\googletest-src\googletest\src\gtest_main.cc
Note: Google Test filter = ExtractNumbersTest.HandlesSpacesInInput
[==========] Running 1 test from 1 test suite.
[----------] Global test environment set-up.
[----------] 1 test from ExtractNumbersTest
[ RUN      ] ExtractNumbersTest.HandlesSpacesInInput
[       OK ] ExtractNumbersTest.HandlesSpacesInInput (0 ms)
[----------] 1 test from ExtractNumbersTest (0 ms total)

[----------] Global test environment tear-down
[==========] 1 test from 1 test suite ran. (0 ms total)
[  PASSED  ] 1 test.
<end of output>
Test time =   0.01 sec
----------------------------------------------------------
Test Passed.
"ExtractNumbersTest.HandlesSpacesInInput" end time: Oct 04 23:39 RTZ 2 (çèìà)
"ExtractNumbersTest.HandlesSpacesInInput" time elapsed: 00:00:00
----------------------------------------------------------

5/10 Testing: ExtractNumbersTest.HandlesSpecialCharacters
5/10 Test: ExtractNumbersTest.HandlesSpecialCharacters
Command: "C:/Users/artem/Downloads/OOP/lab1/build/Debug/lab1_tests.exe" "--gtest_filter=ExtractNumbersTest.HandlesSpecialCharacters" "--gtest_also_run_disabled_tests"
Directory: C:/Users/artem/Downloads/OOP/lab1/build
"ExtractNumbersTest.HandlesSpecialCharacters" start time: Oct 04 23:39 RTZ 2 (çèìà)
Output:
----------------------------------------------------------
Running main() from C:\Users\artem\Downloads\OOP\lab1\build\_deps\googletest-src\googletest\src\gtest_main.cc
Note: Google Test filter = ExtractNumbersTest.HandlesSpecialCharacters
[==========] Running 1 test from 1 test suite.
[----------] Global test environment set-up.
[----------] 1 test from ExtractNumbersTest
[ RUN      ] ExtractNumbersTest.HandlesSpecialCharacters
[       OK ] ExtractNumbersTest.HandlesSpecialCharacters (0 ms)
[----------] 1 test from ExtractNumbersTest (0 ms total)

[----------] Global test environment tear-down
[==========] 1 test from 1 test suite ran. (0 ms total)
[  PASSED  ] 1 test.
<end of output>
Test time =   0.01 sec
----------------------------------------------------------
Test Passed.
"ExtractNumbersTest.HandlesSpecialCharacters" end time: Oct 04 23:39 RTZ 2 (çèìà)
"ExtractNumbersTest.HandlesSpecialCharacters" time elapsed: 00:00:00
----------------------------------------------------------

6/10 Testing: ExtractNumbersTest.HandlesEmptyInput
6/10 Test: ExtractNumbersTest.HandlesEmptyInput
Command: "C:/Users/artem/Downloads/OOP/lab1/build/Debug/lab1_tests.exe" "--gtest_filter=ExtractNumbersTest.HandlesEmptyInput" "--gtest_also_run_disabled_tests"
Directory: C:/Users/artem/Downloads/OOP/lab1/build
"ExtractNumbersTest.HandlesEmptyInput" start time: Oct 04 23:39 RTZ 2 (çèìà)
Output:
----------------------------------------------------------
Running main() from C:\Users\artem\Downloads\OOP\lab1\build\_deps\googletest-src\googletest\src\gtest_main.cc
Note: Google Test filter = ExtractNumbersTest.HandlesEmptyInput
[==========] Running 1 test from 1 test suite.
[----------] Global test environment set-up.
[----------] 1 test from ExtractNumbersTest
[ RUN      ] ExtractNumbersTest.HandlesEmptyInput
[       OK ] ExtractNumbersTest.HandlesEmptyInput (0 ms)
[----------] 1 test from ExtractNumbersTest (0 ms total)

[----------] Global test environment tear-down
[==========] 1 test from 1 test suite ran. (0 ms total)
[  PASSED  ] 1 test.
<end of output>
Test time =   0.01 sec
----------------------------------------------------------
Test Passed.
"ExtractNumbersTest.HandlesEmptyInput" end time: Oct 04 23:39 RTZ 2 (çèìà)
"ExtractNumbersTest.HandlesEmptyInput" time elapsed: 00:00:00
----------------------------------------------------------

7/10 Testing: ExtractNumbersTest.HandlesLeadingNumbers
7/10 Test: ExtractNumbersTest.HandlesLeadingNumbers
Command: "C:/Users/artem/Downloads/OOP/lab1/build/Debug/lab1_tests.exe" "--gtest_filter=ExtractNumbersTest.HandlesLeadingNumbers" "--gtest_also_run_disabled_tests"
Directory: C:/Users/artem/Downloads/OOP/lab1/build
"ExtractNumbersTest.HandlesLeadingNumbers" start time: Oct 04 23:39 RTZ 2 (çèìà)
Output:
----------------------------------------------------------
Running main() from C:\Users\artem\Downloads\OOP\lab1\build\_deps\googletest-src\googletest\src\gtest_main.cc
Note: Google Test filter = ExtractNumbersTest.HandlesLeadingNumbers
[==========] Running 1 test from 1 test suite.
[----------] Global test environment set-up.
[----------] 1 test from ExtractNumbersTest
[ RUN      ] ExtractNumbersTest.HandlesLeadingNumbers
[       OK ] ExtractNumbersTest.HandlesLeadingNumbers (0 ms)
[----------] 1 test from ExtractNumbersTest (0 ms total)

[----------] Global test environment tear-down
[==========] 1 test from 1 test suite ran. (0 ms total)
[  PASSED  ] 1 test.
<end of output>
Test time =   0.01 sec
----------------------------------------------------------
Test Passed.
"ExtractNumbersTest.HandlesLeadingNumbers" end time: Oct 04 23:39 RTZ 2 (çèìà)
"ExtractNumbersTest.HandlesLeadingNumbers" time elapsed: 00:00:00
----------------------------------------------------------

8/10 Testing: ExtractNumbersTest.HandlesTrailingNumbers
8/10 Test: ExtractNumbersTest.HandlesTrailingNumbers
Command: "C:/Users/artem/Downloads/OOP/lab1/build/Debug/lab1_tests.exe" "--gtest_filter=ExtractNumbersTest.HandlesTrailingNumbers" "--gtest_also_run_disabled_tests"
Directory: C:/Users/artem/Downloads/OOP/lab1/build
"ExtractNumbersTest.HandlesTrailingNumbers" start time: Oct 04 23:39 RTZ 2 (çèìà)
Output:
----------------------------------------------------------
Running main() from C:\Users\artem\Downloads\OOP\lab1\build\_deps\googletest-src\googletest\src\gtest_main.cc
Note: Google Test filter = ExtractNumbersTest.HandlesTrailingNumbers
[==========] Running 1 test from 1 test suite.
[----------] Global test environment set-up.
[----------] 1 test from ExtractNumbersTest
[ RUN      ] ExtractNumbersTest.HandlesTrailingNumbers
[       OK ] ExtractNumbersTest.HandlesTrailingNumbers (0 ms)
[----------] 1 test from ExtractNumbersTest (0 ms total)

[----------] Global test environment tear-down
[==========] 1 test from 1 test suite ran. (0 ms total)
[  PASSED  ] 1 test.
<end of output>
Test time =   0.01 sec
----------------------------------------------------------
Test Passed.
"ExtractNumbersTest.HandlesTrailingNumbers" end time: Oct 04 23:39 RTZ 2 (çèìà)
"ExtractNumbersTest.HandlesTrailingNumbers" time elapsed: 00:00:00
----------------------------------------------------------

9/10 Testing: ExtractNumbersTest.HandlesSeparatedNumbers
9/10 Test: ExtractNumbersTest.HandlesSeparatedNumbers
Command: "C:/Users/artem/Downloads/OOP/lab1/build/Debug/lab1_tests.exe" "--gtest_filter=ExtractNumbersTest.HandlesSeparatedNumbers" "--gtest_also_run_disabled_tests"
Directory: C:/Users/artem/Downloads/OOP/lab1/build
"ExtractNumbersTest.HandlesSeparatedNumbers" start time: Oct 04 23:39 RTZ 2 (çèìà)
Output:
----------------------------------------------------------
Running main() from C:\Users\artem\Downloads\OOP\lab1\build\_deps\googletest-src\googletest\src\gtest_main.cc
Note: Google Test filter = ExtractNumbersTest.HandlesSeparatedNumbers
[==========] Running 1 test from 1 test suite.
[----------] Global test environment set-up.
[----------] 1 test from ExtractNumbersTest
[ RUN      ] ExtractNumbersTest.HandlesSeparatedNumbers
[       OK ] ExtractNumbersTest.HandlesSeparatedNumbers (0 ms)
[----------] 1 test from ExtractNumbersTest (0 ms total)

[----------] Global test environment tear-down
[==========] 1 test from 1 test suite ran. (0 ms total)
[  PASSED  ] 1 test.
<end of output>
Test time =   0.01 sec
----------------------------------------------------------
Test Passed.
"ExtractNumbersTest.HandlesSeparatedNumbers" end time: Oct 04 23:39 RTZ 2 (çèìà)
"ExtractNumbersTest.HandlesSeparatedNumbers" time elapsed: 00:00:00
----------------------------------------------------------

10/10 Testing: ExtractNumbersTest.HandlesLongStringWithNumbers
10/10 Test: ExtractNumbersTest.HandlesLongStringWithNumbers
Command: "C:/Users/artem/Downloads/OOP/lab1/build/Debug/lab1_tests.exe" "--gtest_filter=ExtractNumbersTest.HandlesLongStringWithNumbers" "--gtest_also_run_disabled_tests"
Directory: C:/Users/artem/Downloads/OOP/lab1/build
"ExtractNumbersTest.HandlesLongStringWithNumbers" start time: Oct 04 23:39 RTZ 2 (çèìà)
Output:
----------------------------------------------------------
Running main() from C:\Users\artem\Downloads\OOP\lab1\build\_deps\googletest-src\googletest\src\gtest_main.cc
Note: Google Test filter = ExtractNumbersTest.HandlesLongStringWithNumbers
[==========] Running 1 test from 1 test suite.
[----------] Global test environment set-up.
[----------] 1 test from ExtractNumbersTest
[ RUN      ] ExtractNumbersTest.HandlesLongStringWithNumbers
[       OK ] ExtractNumbersTest.HandlesLongStringWithNumbers (0 ms)
[----------] 1 test from ExtractNumbersTest (0 ms total)

[----------] Global test environment tear-down
[==========] 1 test from 1 test suite ran. (0 ms total)
[  PASSED  ] 1 test.
<end of output>
Test time =   0.01 sec
----------------------------------------------------------
Test Passed.
"ExtractNumbersTest.HandlesLongStringWithNumbers" end time: Oct 04 23:39 RTZ 2 (çèìà)
"ExtractNumbersTest.HandlesLongStringWithNumbers" time elapsed: 00:00:00
----------------------------------------------------------

End testing: Oct 04 23:39 RTZ 2 (çèìà)
